17:34:17 INFO  : Registering command handlers for SDK TCF services
17:34:19 INFO  : Launching XSCT server: xsct.bat -interactive D:\xilinxwrk\project_1\project_1.sdk\temp_xsdb_launch_script.tcl
17:34:24 INFO  : XSCT server has started successfully.
17:34:25 INFO  : Successfully done setting XSCT server connection channel  
17:34:37 INFO  : Successfully done setting SDK workspace  
17:34:37 INFO  : Processing command line option -hwspec D:/xilinxwrk/project_1/project_1.sdk/system_wrapper.hdf.
16:42:08 INFO  : Launching XSCT server: xsct.bat -interactive D:\xilinxwrk\project_2\project_2.sdk\temp_xsdb_launch_script.tcl
16:42:14 INFO  : XSCT server has started successfully.
16:42:25 INFO  : Successfully done setting XSCT server connection channel  
16:42:25 INFO  : Successfully done setting SDK workspace  
16:42:37 INFO  : Registering command handlers for SDK TCF services
16:42:37 INFO  : Processing command line option -hwspec D:/xilinxwrk/project_2/project_2.sdk/system_wrapper.hdf.
16:57:01 INFO  : Connected to target on host '127.0.0.1' and port '3121'.
16:57:03 INFO  : 'targets -set -filter {jtag_cable_name =~ "Digilent Zybo 210279A42846A" && level==0} -index 1' command is executed.
16:57:04 INFO  : FPGA configured successfully with bitstream "D:/xilinxwrk/project_2/project_2.sdk/system_wrapper_hw_platform_1/system_wrapper.bit"
16:57:19 INFO  : 'targets -set -filter {jtag_cable_name =~ "Digilent Zybo 210279A42846A" && level==0} -index 1' command is executed.
16:57:19 INFO  : 'fpga -state' command is executed.
16:57:19 INFO  : Connected to target on host '127.0.0.1' and port '3121'.
16:57:20 INFO  : Jtag cable 'Digilent Zybo 210279A42846A' is selected.
16:57:20 INFO  : 'jtag frequency' command is executed.
16:57:20 INFO  : Sourcing of 'D:/xilinxwrk/project_2/project_2.sdk/system_wrapper_hw_platform_1/ps7_init.tcl' is done.
16:57:20 INFO  : Context for 'APU' is selected.
16:57:20 INFO  : Hardware design information is loaded from 'D:/xilinxwrk/project_2/project_2.sdk/system_wrapper_hw_platform_1/system.hdf'.
16:57:20 INFO  : 'configparams force-mem-access 1' command is executed.
16:57:20 INFO  : Context for 'APU' is selected.
16:57:20 INFO  : 'stop' command is executed.
16:57:20 INFO  : 'ps7_init' command is executed.
16:57:20 INFO  : 'ps7_post_config' command is executed.
16:57:20 INFO  : Context for processor 'ps7_cortexa9_0' is selected.
16:57:20 INFO  : Processor reset is completed for 'ps7_cortexa9_0'.
16:57:20 INFO  : Context for processor 'ps7_cortexa9_0' is selected.
16:57:20 INFO  : The application 'D:/xilinxwrk/project_2/project_2.sdk/test2/Debug/test2.elf' is downloaded to processor 'ps7_cortexa9_0'.
16:57:20 INFO  : 'configparams force-mem-access 0' command is executed.
16:57:20 INFO  : ----------------XSDB Script----------------
connect -url tcp:127.0.0.1:3121
source D:/xilinxwrk/project_2/project_2.sdk/system_wrapper_hw_platform_1/ps7_init.tcl
targets -set -nocase -filter {name =~"APU*" && jtag_cable_name =~ "Digilent Zybo 210279A42846A"} -index 0
loadhw -hw D:/xilinxwrk/project_2/project_2.sdk/system_wrapper_hw_platform_1/system.hdf -mem-ranges [list {0x40000000 0xbfffffff}]
configparams force-mem-access 1
targets -set -nocase -filter {name =~"APU*" && jtag_cable_name =~ "Digilent Zybo 210279A42846A"} -index 0
stop
ps7_init
ps7_post_config
targets -set -nocase -filter {name =~ "ARM*#0" && jtag_cable_name =~ "Digilent Zybo 210279A42846A"} -index 0
rst -processor
targets -set -nocase -filter {name =~ "ARM*#0" && jtag_cable_name =~ "Digilent Zybo 210279A42846A"} -index 0
dow D:/xilinxwrk/project_2/project_2.sdk/test2/Debug/test2.elf
configparams force-mem-access 0
----------------End of Script----------------

16:57:21 INFO  : Memory regions updated for context APU
16:57:21 INFO  : Context for processor 'ps7_cortexa9_0' is selected.
16:57:21 INFO  : 'con' command is executed.
16:57:21 INFO  : ----------------XSDB Script (After Launch)----------------
targets -set -nocase -filter {name =~ "ARM*#0" && jtag_cable_name =~ "Digilent Zybo 210279A42846A"} -index 0
con
----------------End of Script----------------

16:57:21 INFO  : Launch script is exported to file 'D:\xilinxwrk\project_2\project_2.sdk\.sdk\launch_scripts\xilinx_c-c++_application_(system_debugger)\system_debugger_using_debug_test2.elf_on_local.tcl'
16:58:56 INFO  : Disconnected from the channel tcfchan#1.
18:30:35 INFO  : Registering command handlers for SDK TCF services
18:30:38 INFO  : Launching XSCT server: xsct.bat -interactive D:\xilinxwrk\lab4\lab4.sdk\temp_xsdb_launch_script.tcl
18:30:44 INFO  : XSCT server has started successfully.
18:30:55 INFO  : Successfully done setting XSCT server connection channel  
18:30:55 INFO  : Successfully done setting SDK workspace  
18:30:56 INFO  : Processing command line option -hwspec D:/xilinxwrk/lab4/lab4.sdk/system_wrapper.hdf.
19:46:30 INFO  : Inferring section assignments and sizes from elf file: D:\xilinxwrk\lab4\lab4.sdk\lab4\Debug\lab4.elf
19:48:50 INFO  : Successfully generated D:\xilinxwrk\lab4\lab4.sdk\lab4\src\lscript.ld.
19:48:50 INFO  : Applying linker script to all configurations of project lab4.
19:48:50 INFO  : Setting rebuild state to true for all configurations of project lab4.
19:53:46 INFO  : Connected to target on host '127.0.0.1' and port '3121'.
19:53:48 INFO  : 'targets -set -filter {jtag_cable_name =~ "Digilent Zybo 210279A429B7A" && level==0} -index 1' command is executed.
19:53:50 INFO  : FPGA configured successfully with bitstream "D:/xilinxwrk/lab4/lab4.sdk/system_wrapper_hw_platform_2/system_wrapper.bit"
19:54:29 INFO  : 'targets -set -filter {jtag_cable_name =~ "Digilent Zybo 210279A429B7A" && level==0} -index 1' command is executed.
19:54:29 INFO  : 'fpga -state' command is executed.
19:54:29 INFO  : Connected to target on host '127.0.0.1' and port '3121'.
19:54:30 INFO  : Jtag cable 'Digilent Zybo 210279A429B7A' is selected.
19:54:30 INFO  : 'jtag frequency' command is executed.
19:54:30 INFO  : Sourcing of 'D:/xilinxwrk/lab4/lab4.sdk/system_wrapper_hw_platform_2/ps7_init.tcl' is done.
19:54:30 INFO  : Context for 'APU' is selected.
19:54:30 INFO  : Hardware design information is loaded from 'D:/xilinxwrk/lab4/lab4.sdk/system_wrapper_hw_platform_2/system.hdf'.
19:54:30 INFO  : 'configparams force-mem-access 1' command is executed.
19:54:30 INFO  : Context for 'APU' is selected.
19:54:30 INFO  : 'stop' command is executed.
19:54:31 INFO  : 'ps7_init' command is executed.
19:54:31 INFO  : 'ps7_post_config' command is executed.
19:54:31 INFO  : Context for processor 'ps7_cortexa9_0' is selected.
19:54:31 INFO  : Processor reset is completed for 'ps7_cortexa9_0'.
19:54:31 INFO  : Context for processor 'ps7_cortexa9_0' is selected.
19:54:31 INFO  : The application 'D:/xilinxwrk/lab4/lab4.sdk/lab4/Debug/lab4.elf' is downloaded to processor 'ps7_cortexa9_0'.
19:54:31 INFO  : 'configparams force-mem-access 0' command is executed.
19:54:31 INFO  : ----------------XSDB Script----------------
connect -url tcp:127.0.0.1:3121
source D:/xilinxwrk/lab4/lab4.sdk/system_wrapper_hw_platform_2/ps7_init.tcl
targets -set -nocase -filter {name =~"APU*" && jtag_cable_name =~ "Digilent Zybo 210279A429B7A"} -index 0
loadhw -hw D:/xilinxwrk/lab4/lab4.sdk/system_wrapper_hw_platform_2/system.hdf -mem-ranges [list {0x40000000 0xbfffffff}]
configparams force-mem-access 1
targets -set -nocase -filter {name =~"APU*" && jtag_cable_name =~ "Digilent Zybo 210279A429B7A"} -index 0
stop
ps7_init
ps7_post_config
targets -set -nocase -filter {name =~ "ARM*#0" && jtag_cable_name =~ "Digilent Zybo 210279A429B7A"} -index 0
rst -processor
targets -set -nocase -filter {name =~ "ARM*#0" && jtag_cable_name =~ "Digilent Zybo 210279A429B7A"} -index 0
dow D:/xilinxwrk/lab4/lab4.sdk/lab4/Debug/lab4.elf
configparams force-mem-access 0
----------------End of Script----------------

19:54:32 INFO  : Memory regions updated for context APU
19:54:32 INFO  : Context for processor 'ps7_cortexa9_0' is selected.
19:54:32 INFO  : 'con' command is executed.
19:54:32 INFO  : ----------------XSDB Script (After Launch)----------------
targets -set -nocase -filter {name =~ "ARM*#0" && jtag_cable_name =~ "Digilent Zybo 210279A429B7A"} -index 0
con
----------------End of Script----------------

19:54:32 INFO  : Launch script is exported to file 'D:\xilinxwrk\lab4\lab4.sdk\.sdk\launch_scripts\xilinx_c-c++_application_(system_debugger)\system_debugger_using_debug_lab4.elf_on_local.tcl'
20:25:08 INFO  : Disconnected from the channel tcfchan#1.
21:06:57 INFO  : Registering command handlers for SDK TCF services
21:06:58 INFO  : Launching XSCT server: xsct.bat -interactive D:\xilinxwrk\lab5\lab5.sdk\temp_xsdb_launch_script.tcl
21:07:01 INFO  : XSCT server has started successfully.
21:07:01 INFO  : Successfully done setting XSCT server connection channel  
21:07:10 INFO  : Successfully done setting SDK workspace  
21:07:10 INFO  : Processing command line option -hwspec D:/xilinxwrk/lab5/lab5.sdk/system_wrapper.hdf.
21:25:17 INFO  : Registering command handlers for SDK TCF services
21:25:18 INFO  : Launching XSCT server: xsct.bat -interactive D:\xilinxwrk\lab5\lab5.sdk\temp_xsdb_launch_script.tcl
21:25:21 INFO  : XSCT server has started successfully.
21:25:21 INFO  : Successfully done setting XSCT server connection channel  
21:25:22 INFO  : Successfully done setting SDK workspace  
21:25:22 INFO  : Processing command line option -hwspec D:/xilinxwrk/lab5/lab5.sdk/system_wrapper.hdf.
21:25:22 INFO  : Checking for hwspec changes in the project system_wrapper_hw_platform_3.
15:08:33 INFO  : Registering command handlers for SDK TCF services
15:08:35 INFO  : Launching XSCT server: xsct.bat -interactive D:\xilinxwrk\lab5\lab5.sdk\temp_xsdb_launch_script.tcl
15:08:41 INFO  : XSCT server has started successfully.
15:08:41 INFO  : Successfully done setting XSCT server connection channel  
15:08:52 INFO  : Successfully done setting SDK workspace  
15:08:52 INFO  : Processing command line option -hwspec D:/xilinxwrk/lab5/lab5.sdk/system_wrapper.hdf.
15:08:52 INFO  : Checking for hwspec changes in the project system_wrapper_hw_platform_3.
15:26:38 INFO  : Connected to target on host '127.0.0.1' and port '3121'.
15:26:40 INFO  : 'targets -set -filter {jtag_cable_name =~ "Digilent Zybo 210279A42846A" && level==0} -index 1' command is executed.
15:26:41 INFO  : FPGA configured successfully with bitstream "D:/xilinxwrk/lab5/lab5.sdk/system_wrapper_hw_platform_3/system_wrapper.bit"
15:27:47 WARN  : Given IPC port value is invalid. Using default port 2350
15:27:47 WARN  : Given XMD timeout value is invalid. Using default value of 50000
15:27:51 WARN  : Given XMD transaction timeout value is invalid. Using default value of 60000 milli seconds
15:28:13 INFO  : 'targets -set -filter {jtag_cable_name =~ "Digilent Zybo 210279A42846A" && level==0} -index 1' command is executed.
15:28:14 INFO  : 'fpga -state' command is executed.
15:28:14 INFO  : Connected to target on host '127.0.0.1' and port '3121'.
15:28:14 INFO  : Jtag cable 'Digilent Zybo 210279A42846A' is selected.
15:28:14 INFO  : 'jtag frequency' command is executed.
15:28:14 INFO  : Sourcing of 'D:/xilinxwrk/lab5/lab5.sdk/system_wrapper_hw_platform_3/ps7_init.tcl' is done.
15:28:14 INFO  : Context for 'APU' is selected.
15:28:14 INFO  : Hardware design information is loaded from 'D:/xilinxwrk/lab5/lab5.sdk/system_wrapper_hw_platform_3/system.hdf'.
15:28:15 INFO  : 'configparams force-mem-access 1' command is executed.
15:28:15 INFO  : Context for 'APU' is selected.
15:28:15 INFO  : 'stop' command is executed.
15:28:15 INFO  : 'ps7_init' command is executed.
15:28:15 INFO  : 'ps7_post_config' command is executed.
15:28:15 INFO  : Context for processor 'ps7_cortexa9_0' is selected.
15:28:15 INFO  : Processor reset is completed for 'ps7_cortexa9_0'.
15:28:15 INFO  : Context for processor 'ps7_cortexa9_0' is selected.
15:28:15 INFO  : The application 'D:/xilinxwrk/lab5/lab5.sdk/lab5/Debug/lab5.elf' is downloaded to processor 'ps7_cortexa9_0'.
15:28:15 INFO  : 'configparams force-mem-access 0' command is executed.
15:28:15 INFO  : ----------------XSDB Script----------------
connect -url tcp:127.0.0.1:3121
source D:/xilinxwrk/lab5/lab5.sdk/system_wrapper_hw_platform_3/ps7_init.tcl
targets -set -nocase -filter {name =~"APU*" && jtag_cable_name =~ "Digilent Zybo 210279A42846A"} -index 0
loadhw -hw D:/xilinxwrk/lab5/lab5.sdk/system_wrapper_hw_platform_3/system.hdf -mem-ranges [list {0x40000000 0xbfffffff}]
configparams force-mem-access 1
targets -set -nocase -filter {name =~"APU*" && jtag_cable_name =~ "Digilent Zybo 210279A42846A"} -index 0
stop
ps7_init
ps7_post_config
targets -set -nocase -filter {name =~ "ARM*#0" && jtag_cable_name =~ "Digilent Zybo 210279A42846A"} -index 0
rst -processor
targets -set -nocase -filter {name =~ "ARM*#0" && jtag_cable_name =~ "Digilent Zybo 210279A42846A"} -index 0
dow D:/xilinxwrk/lab5/lab5.sdk/lab5/Debug/lab5.elf
configparams force-mem-access 0
----------------End of Script----------------

15:28:16 INFO  : Memory regions updated for context APU
15:28:16 INFO  : Context for processor 'ps7_cortexa9_0' is selected.
15:28:16 INFO  : 'con' command is executed.
15:28:16 INFO  : ----------------XSDB Script (After Launch)----------------
targets -set -nocase -filter {name =~ "ARM*#0" && jtag_cable_name =~ "Digilent Zybo 210279A42846A"} -index 0
con
----------------End of Script----------------

15:28:16 INFO  : Launch script is exported to file 'D:\xilinxwrk\lab5\lab5.sdk\.sdk\launch_scripts\xilinx_c-c++_application_(system_debugger)\system_debugger_using_debug_lab5.elf_on_local.tcl'
15:29:04 INFO  : Disconnected from the channel tcfchan#1.
15:29:05 INFO  : 'targets -set -filter {jtag_cable_name =~ "Digilent Zybo 210279A42846A" && level==0} -index 1' command is executed.
15:29:05 INFO  : 'fpga -state' command is executed.
15:29:05 INFO  : Connected to target on host '127.0.0.1' and port '3121'.
15:29:06 INFO  : Jtag cable 'Digilent Zybo 210279A42846A' is selected.
15:29:06 INFO  : 'jtag frequency' command is executed.
15:29:06 INFO  : Sourcing of 'D:/xilinxwrk/lab5/lab5.sdk/system_wrapper_hw_platform_3/ps7_init.tcl' is done.
15:29:06 INFO  : Context for 'APU' is selected.
15:29:23 INFO  : Hardware design information is loaded from 'D:/xilinxwrk/lab5/lab5.sdk/system_wrapper_hw_platform_3/system.hdf'.
15:29:23 INFO  : 'configparams force-mem-access 1' command is executed.
15:29:23 INFO  : Context for 'APU' is selected.
15:29:23 INFO  : 'stop' command is executed.
15:29:23 INFO  : 'ps7_init' command is executed.
15:29:24 INFO  : 'ps7_post_config' command is executed.
15:29:24 INFO  : Context for processor 'ps7_cortexa9_0' is selected.
15:29:24 INFO  : Processor reset is completed for 'ps7_cortexa9_0'.
15:29:24 INFO  : Context for processor 'ps7_cortexa9_0' is selected.
15:29:24 INFO  : The application 'D:/xilinxwrk/lab5/lab5.sdk/lab5/Debug/lab5.elf' is downloaded to processor 'ps7_cortexa9_0'.
15:29:24 INFO  : 'configparams force-mem-access 0' command is executed.
15:29:24 INFO  : ----------------XSDB Script----------------
connect -url tcp:127.0.0.1:3121
source D:/xilinxwrk/lab5/lab5.sdk/system_wrapper_hw_platform_3/ps7_init.tcl
targets -set -nocase -filter {name =~"APU*" && jtag_cable_name =~ "Digilent Zybo 210279A42846A"} -index 0
loadhw -hw D:/xilinxwrk/lab5/lab5.sdk/system_wrapper_hw_platform_3/system.hdf -mem-ranges [list {0x40000000 0xbfffffff}]
configparams force-mem-access 1
targets -set -nocase -filter {name =~"APU*" && jtag_cable_name =~ "Digilent Zybo 210279A42846A"} -index 0
stop
ps7_init
ps7_post_config
targets -set -nocase -filter {name =~ "ARM*#0" && jtag_cable_name =~ "Digilent Zybo 210279A42846A"} -index 0
rst -processor
targets -set -nocase -filter {name =~ "ARM*#0" && jtag_cable_name =~ "Digilent Zybo 210279A42846A"} -index 0
dow D:/xilinxwrk/lab5/lab5.sdk/lab5/Debug/lab5.elf
configparams force-mem-access 0
----------------End of Script----------------

15:29:24 INFO  : Memory regions updated for context APU
15:29:24 INFO  : Context for processor 'ps7_cortexa9_0' is selected.
15:29:24 INFO  : 'con' command is executed.
15:29:24 INFO  : ----------------XSDB Script (After Launch)----------------
targets -set -nocase -filter {name =~ "ARM*#0" && jtag_cable_name =~ "Digilent Zybo 210279A42846A"} -index 0
con
----------------End of Script----------------

15:29:24 INFO  : Launch script is exported to file 'D:\xilinxwrk\lab5\lab5.sdk\.sdk\launch_scripts\xilinx_c-c++_application_(system_debugger)\system_debugger_using_debug_lab5.elf_on_local.tcl'
15:37:20 INFO  : Disconnected from the channel tcfchan#2.
15:37:21 INFO  : 'targets -set -filter {jtag_cable_name =~ "Digilent Zybo 210279A42846A" && level==0} -index 1' command is executed.
15:37:21 INFO  : 'fpga -state' command is executed.
15:37:21 INFO  : Connected to target on host '127.0.0.1' and port '3121'.
15:37:21 INFO  : Jtag cable 'Digilent Zybo 210279A42846A' is selected.
15:37:21 INFO  : 'jtag frequency' command is executed.
15:37:21 INFO  : Sourcing of 'D:/xilinxwrk/lab5/lab5.sdk/system_wrapper_hw_platform_3/ps7_init.tcl' is done.
15:37:21 INFO  : Context for 'APU' is selected.
15:37:39 INFO  : Hardware design information is loaded from 'D:/xilinxwrk/lab5/lab5.sdk/system_wrapper_hw_platform_3/system.hdf'.
15:37:39 INFO  : 'configparams force-mem-access 1' command is executed.
15:37:39 INFO  : Context for 'APU' is selected.
15:37:39 INFO  : 'stop' command is executed.
15:37:39 INFO  : 'ps7_init' command is executed.
15:37:39 INFO  : 'ps7_post_config' command is executed.
15:37:39 INFO  : Context for processor 'ps7_cortexa9_0' is selected.
15:37:39 INFO  : Processor reset is completed for 'ps7_cortexa9_0'.
15:37:39 INFO  : Context for processor 'ps7_cortexa9_0' is selected.
15:37:39 INFO  : The application 'D:/xilinxwrk/lab5/lab5.sdk/lab5/Debug/lab5.elf' is downloaded to processor 'ps7_cortexa9_0'.
15:37:39 INFO  : 'configparams force-mem-access 0' command is executed.
15:37:39 INFO  : ----------------XSDB Script----------------
connect -url tcp:127.0.0.1:3121
source D:/xilinxwrk/lab5/lab5.sdk/system_wrapper_hw_platform_3/ps7_init.tcl
targets -set -nocase -filter {name =~"APU*" && jtag_cable_name =~ "Digilent Zybo 210279A42846A"} -index 0
loadhw -hw D:/xilinxwrk/lab5/lab5.sdk/system_wrapper_hw_platform_3/system.hdf -mem-ranges [list {0x40000000 0xbfffffff}]
configparams force-mem-access 1
targets -set -nocase -filter {name =~"APU*" && jtag_cable_name =~ "Digilent Zybo 210279A42846A"} -index 0
stop
ps7_init
ps7_post_config
targets -set -nocase -filter {name =~ "ARM*#0" && jtag_cable_name =~ "Digilent Zybo 210279A42846A"} -index 0
rst -processor
targets -set -nocase -filter {name =~ "ARM*#0" && jtag_cable_name =~ "Digilent Zybo 210279A42846A"} -index 0
dow D:/xilinxwrk/lab5/lab5.sdk/lab5/Debug/lab5.elf
configparams force-mem-access 0
----------------End of Script----------------

15:37:40 INFO  : Memory regions updated for context APU
15:37:40 INFO  : Context for processor 'ps7_cortexa9_0' is selected.
15:37:40 INFO  : 'con' command is executed.
15:37:40 INFO  : ----------------XSDB Script (After Launch)----------------
targets -set -nocase -filter {name =~ "ARM*#0" && jtag_cable_name =~ "Digilent Zybo 210279A42846A"} -index 0
con
----------------End of Script----------------

15:37:40 INFO  : Launch script is exported to file 'D:\xilinxwrk\lab5\lab5.sdk\.sdk\launch_scripts\xilinx_c-c++_application_(system_debugger)\system_debugger_using_debug_lab5.elf_on_local.tcl'
16:36:37 INFO  : Disconnected from the channel tcfchan#3.
16:36:50 ERROR : Unexpected error while parsing XMD response ?: com.google.gson.JsonSyntaxException: com.google.gson.stream.MalformedJsonException: invalid number or unquoted string near 
19:50:36 INFO  : Registering command handlers for SDK TCF services
19:50:37 INFO  : Launching XSCT server: xsct.bat -interactive D:\xilinxwrk\lab5\lab5.sdk\temp_xsdb_launch_script.tcl
19:50:39 INFO  : XSCT server has started successfully.
19:50:40 INFO  : Successfully done setting XSCT server connection channel  
19:50:40 INFO  : Successfully done setting SDK workspace  
19:50:40 INFO  : Processing command line option -hwspec D:/xilinxwrk/lab5/lab5.sdk/system_wrapper.hdf.
19:50:40 INFO  : Checking for hwspec changes in the project system_wrapper_hw_platform_3.
19:51:53 INFO  : Connected to target on host '127.0.0.1' and port '3121'.
19:51:53 INFO  : 'targets -set -filter {jtag_cable_name =~ "Digilent Zybo 210279A42846A" && level==0} -index 1' command is executed.
19:51:55 INFO  : FPGA configured successfully with bitstream "D:/xilinxwrk/lab5/lab5.sdk/system_wrapper_hw_platform_3/system_wrapper.bit"
19:52:09 INFO  : 'targets -set -filter {jtag_cable_name =~ "Digilent Zybo 210279A42846A" && level==0} -index 1' command is executed.
19:52:09 INFO  : 'fpga -state' command is executed.
19:52:09 INFO  : Connected to target on host '127.0.0.1' and port '3121'.
19:52:10 INFO  : Jtag cable 'Digilent Zybo 210279A42846A' is selected.
19:52:10 INFO  : 'jtag frequency' command is executed.
19:52:10 INFO  : Sourcing of 'D:/xilinxwrk/lab5/lab5.sdk/system_wrapper_hw_platform_3/ps7_init.tcl' is done.
19:52:10 INFO  : Context for 'APU' is selected.
19:52:10 INFO  : Hardware design information is loaded from 'D:/xilinxwrk/lab5/lab5.sdk/system_wrapper_hw_platform_3/system.hdf'.
19:52:10 INFO  : 'configparams force-mem-access 1' command is executed.
19:52:10 INFO  : Context for 'APU' is selected.
19:52:10 INFO  : 'stop' command is executed.
19:52:10 INFO  : 'ps7_init' command is executed.
19:52:11 INFO  : 'ps7_post_config' command is executed.
19:52:11 INFO  : Context for processor 'ps7_cortexa9_0' is selected.
19:52:11 INFO  : Processor reset is completed for 'ps7_cortexa9_0'.
19:52:11 INFO  : Context for processor 'ps7_cortexa9_0' is selected.
19:52:11 INFO  : The application 'D:/xilinxwrk/lab5/lab5.sdk/lab5/Debug/lab5.elf' is downloaded to processor 'ps7_cortexa9_0'.
19:52:11 INFO  : 'configparams force-mem-access 0' command is executed.
19:52:11 INFO  : ----------------XSDB Script----------------
connect -url tcp:127.0.0.1:3121
source D:/xilinxwrk/lab5/lab5.sdk/system_wrapper_hw_platform_3/ps7_init.tcl
targets -set -nocase -filter {name =~"APU*" && jtag_cable_name =~ "Digilent Zybo 210279A42846A"} -index 0
loadhw -hw D:/xilinxwrk/lab5/lab5.sdk/system_wrapper_hw_platform_3/system.hdf -mem-ranges [list {0x40000000 0xbfffffff}]
configparams force-mem-access 1
targets -set -nocase -filter {name =~"APU*" && jtag_cable_name =~ "Digilent Zybo 210279A42846A"} -index 0
stop
ps7_init
ps7_post_config
targets -set -nocase -filter {name =~ "ARM*#0" && jtag_cable_name =~ "Digilent Zybo 210279A42846A"} -index 0
rst -processor
targets -set -nocase -filter {name =~ "ARM*#0" && jtag_cable_name =~ "Digilent Zybo 210279A42846A"} -index 0
dow D:/xilinxwrk/lab5/lab5.sdk/lab5/Debug/lab5.elf
configparams force-mem-access 0
----------------End of Script----------------

19:52:11 INFO  : Memory regions updated for context APU
19:52:11 INFO  : Context for processor 'ps7_cortexa9_0' is selected.
19:52:11 INFO  : 'con' command is executed.
19:52:11 INFO  : ----------------XSDB Script (After Launch)----------------
targets -set -nocase -filter {name =~ "ARM*#0" && jtag_cable_name =~ "Digilent Zybo 210279A42846A"} -index 0
con
----------------End of Script----------------

19:52:11 INFO  : Launch script is exported to file 'D:\xilinxwrk\lab5\lab5.sdk\.sdk\launch_scripts\xilinx_c-c++_application_(system_debugger)\system_debugger_using_debug_lab5.elf_on_local.tcl'
20:06:00 INFO  : Disconnected from the channel tcfchan#1.
