17:34:17 INFO  : Registering command handlers for SDK TCF services
17:34:19 INFO  : Launching XSCT server: xsct.bat -interactive D:\xilinxwrk\project_1\project_1.sdk\temp_xsdb_launch_script.tcl
17:34:24 INFO  : XSCT server has started successfully.
17:34:25 INFO  : Successfully done setting XSCT server connection channel  
17:34:37 INFO  : Successfully done setting SDK workspace  
17:34:37 INFO  : Processing command line option -hwspec D:/xilinxwrk/project_1/project_1.sdk/system_wrapper.hdf.
17:00:21 INFO  : Launching XSCT server: xsct.bat -interactive D:\xilinxwrk\project_1\project_1.sdk\temp_xsdb_launch_script.tcl
17:00:23 INFO  : XSCT server has started successfully.
17:00:24 INFO  : Successfully done setting XSCT server connection channel  
17:00:24 INFO  : Successfully done setting SDK workspace  
17:00:29 INFO  : Registering command handlers for SDK TCF services
17:00:29 INFO  : Processing command line option -hwspec D:/xilinxwrk/project_1/project_1.sdk/system_wrapper.hdf.
17:00:29 INFO  : Checking for hwspec changes in the project system_wrapper_hw_platform_0.
17:01:11 INFO  : Connected to target on host '127.0.0.1' and port '3121'.
17:01:12 INFO  : Jtag cable 'Digilent Zybo 210279A42846A' is selected.
17:01:12 INFO  : 'jtag frequency' command is executed.
17:01:12 INFO  : Sourcing of 'D:/xilinxwrk/project_1/project_1.sdk/system_wrapper_hw_platform_0/ps7_init.tcl' is done.
17:01:12 INFO  : Context for 'APU' is selected.
17:01:12 INFO  : Hardware design information is loaded from 'D:/xilinxwrk/project_1/project_1.sdk/system_wrapper_hw_platform_0/system.hdf'.
17:01:12 INFO  : 'configparams force-mem-access 1' command is executed.
17:01:12 INFO  : Context for 'APU' is selected.
17:01:12 INFO  : 'stop' command is executed.
17:01:12 INFO  : 'ps7_init' command is executed.
17:01:12 INFO  : 'ps7_post_config' command is executed.
17:01:13 INFO  : Context for processor 'ps7_cortexa9_0' is selected.
17:01:13 INFO  : Processor reset is completed for 'ps7_cortexa9_0'.
17:01:13 INFO  : Context for processor 'ps7_cortexa9_0' is selected.
17:01:13 INFO  : The application 'D:/xilinxwrk/project_1/project_1.sdk/test1/Debug/test1.elf' is downloaded to processor 'ps7_cortexa9_0'.
17:01:13 INFO  : 'configparams force-mem-access 0' command is executed.
17:01:13 INFO  : ----------------XSDB Script----------------
connect -url tcp:127.0.0.1:3121
source D:/xilinxwrk/project_1/project_1.sdk/system_wrapper_hw_platform_0/ps7_init.tcl
targets -set -nocase -filter {name =~"APU*" && jtag_cable_name =~ "Digilent Zybo 210279A42846A"} -index 0
loadhw -hw D:/xilinxwrk/project_1/project_1.sdk/system_wrapper_hw_platform_0/system.hdf -mem-ranges [list {0x40000000 0xbfffffff}]
configparams force-mem-access 1
targets -set -nocase -filter {name =~"APU*" && jtag_cable_name =~ "Digilent Zybo 210279A42846A"} -index 0
stop
ps7_init
ps7_post_config
targets -set -nocase -filter {name =~ "ARM*#0" && jtag_cable_name =~ "Digilent Zybo 210279A42846A"} -index 0
rst -processor
targets -set -nocase -filter {name =~ "ARM*#0" && jtag_cable_name =~ "Digilent Zybo 210279A42846A"} -index 0
dow D:/xilinxwrk/project_1/project_1.sdk/test1/Debug/test1.elf
configparams force-mem-access 0
----------------End of Script----------------

17:01:13 INFO  : Context for processor 'ps7_cortexa9_0' is selected.
17:01:13 INFO  : 'con' command is executed.
17:01:13 INFO  : ----------------XSDB Script (After Launch)----------------
targets -set -nocase -filter {name =~ "ARM*#0" && jtag_cable_name =~ "Digilent Zybo 210279A42846A"} -index 0
con
----------------End of Script----------------

17:01:13 INFO  : Launch script is exported to file 'D:\xilinxwrk\project_1\project_1.sdk\.sdk\launch_scripts\xilinx_c-c++_application_(system_debugger)\system_debugger_using_debug_test1.elf_on_local.tcl'
17:02:07 INFO  : Disconnected from the channel tcfchan#1.
